Building DAG of jobs...
Using shell: /usr/local/bin/bash
Provided cores: 1 (use --cores to define parallelism)
Rules claiming more threads will be scaled down.
Job counts:
	count	jobs
	1	targets
	680	test
	681

[Tue Dec  3 16:12:19 2019]
rule test:
    input: test/shingles_11_19.params
    output: test/shingles_11_19.result
    jobid: 508
    wildcards: param=shingles_11_19

Terminating processes on user request, this might take some time.
[Tue Dec  3 16:13:20 2019]
Error in rule test:
    jobid: 508
    output: test/shingles_11_19.result
    shell:
        bash ./script.sh test/shingles_11_19.params test/shingles_11_19.result
        (one of the commands exited with non-zero exit code; note that snakemake uses bash strict mode!)
Cancelling snakemake on user request.

