Building DAG of jobs...
MissingInputException in line 1 of /home/zzjin/ComputationalGenomics/Snakefile:
Missing input files for rule targets:
shingles_20_4.params
shingles_12_17.params
kbanded_11_10.params
shingles_7_20.params
kbanded_13_9.params
kbanded_12_2.params
shingles_6_6.params
shingles_12_9.params
kbanded_1_13.params
shingles_4_2.params
shingles_10_2.params
kbanded_19_14.params
kbanded_13_15.params
kbanded_11_6.params
kbanded_7_12.params
shingles_1_20.params
kbanded_8_13.params
shingles_18_7.params
kbanded_8_8.params
shingles_2_15.params
kbanded_18_9.params
shingles_11_15.params
kbanded_10_7.params
kbanded_12_9.params
kbanded_7_2.params
kbanded_9_14.params
kbanded_17_15.params
kbanded_1_3.params
kbanded_18_1.params
kbanded_13_12.params
kbanded_14_12.params
shingles_20_14.params
kbanded_2_4.params
shingles_2_10.params
shingles_8_5.params
shingles_9_2.params
kbanded_10_9.params
shingles_17_4.params
shingles_17_17.params
shingles_2_6.params
shingles_12_3.params
shingles_20_6.params
shingles_1_11.params
shingles_3_7.params
shingles_6_18.params
kbanded_16_5.params
shingles_1_5.params
shingles_13_16.params
shingles_2_2.params
kbanded_14_10.params
kbanded_13_8.params
shingles_3_9.params
shingles_19_19.params
shingles_19_7.params
shingles_10_6.params
shingles_18_17.params
kbanded_14_13.params
shingles_11_8.params
shingles_8_18.params
shingles_4_6.params
shingles_20_18.params
kbanded_9_13.params
kbanded_18_7.params
kbanded_17_6.params
shingles_14_14.params
kbanded_5_5.params
kbanded_11_9.params
kbanded_14_9.params
shingles_10_5.params
kbanded_8_1.params
shingles_10_9.params
shingles_18_9.params
kbanded_9_15.params
kbanded_19_3.params
kbanded_9_12.params
shingles_2_8.params
kbanded_15_8.params
shingles_11_9.params
kbanded_2_10.params
shingles_20_9.params
kbanded_19_8.params
kbanded_18_3.params
kbanded_5_8.params
shingles_13_19.params
shingles_13_6.params
shingles_4_4.params
kbanded_19_15.params
shingles_16_10.params
shingles_11_11.params
kbanded_8_14.params
shingles_13_18.params
kbanded_12_4.params
shingles_16_8.params
shingles_6_19.params
shingles_8_16.params
kbanded_15_4.params
shingles_20_11.params
kbanded_16_8.params
kbanded_4_4.params
kbanded_2_12.params
shingles_14_13.params
shingles_15_12.params
shingles_19_6.params
kbanded_16_7.params
kbanded_12_6.params
kbanded_2_5.params
kbanded_15_6.params
kbanded_6_2.params
shingles_9_16.params
kbanded_12_15.params
shingles_1_13.params
kbanded_7_3.params
shingles_3_2.params
kbanded_10_1.params
kbanded_16_4.params
kbanded_5_3.params
kbanded_2_3.params
kbanded_13_10.params
shingles_3_15.params
shingles_6_20.params
kbanded_9_5.params
kbanded_1_9.params
shingles_18_11.params
shingles_10_19.params
shingles_6_4.params
shingles_5_11.params
shingles_17_7.params
shingles_15_6.params
kbanded_6_6.params
shingles_2_3.params
shingles_4_12.params
shingles_10_18.params
kbanded_11_5.params
shingles_10_12.params
kbanded_3_1.params
shingles_16_11.params
shingles_13_2.params
kbanded_18_12.params
shingles_16_18.params
kbanded_16_10.params
shingles_15_5.params
kbanded_11_2.params
kbanded_20_2.params
shingles_9_4.params
kbanded_4_11.params
kbanded_2_6.params
shingles_16_15.params
shingles_18_14.params
kbanded_3_3.params
shingles_7_2.params
shingles_17_6.params
shingles_10_14.params
shingles_9_15.params
kbanded_3_2.params
kbanded_12_14.params
kbanded_15_2.params
shingles_15_13.params
kbanded_18_11.params
shingles_1_16.params
shingles_6_11.params
kbanded_12_12.params
shingles_19_9.params
shingles_19_2.params
shingles_9_7.params
shingles_11_3.params
shingles_12_10.params
shingles_5_20.params
shingles_5_3.params
kbanded_6_7.params
kbanded_1_5.params
shingles_13_8.params
shingles_8_4.params
shingles_8_12.params
kbanded_16_14.params
shingles_8_17.params
kbanded_16_13.params
shingles_11_10.params
kbanded_1_10.params
shingles_7_16.params
shingles_7_11.params
kbanded_5_9.params
kbanded_2_7.params
kbanded_5_11.params
kbanded_10_12.params
shingles_18_13.params
shingles_10_13.params
shingles_18_12.params
shingles_1_18.params
shingles_13_3.params
kbanded_5_14.params
kbanded_4_12.params
kbanded_7_1.params
shingles_13_9.params
shingles_7_3.params
shingles_10_4.params
shingles_4_20.params
shingles_1_10.params
shingles_11_7.params
shingles_12_5.params
kbanded_14_11.params
shingles_19_11.params
kbanded_8_15.params
shingles_4_5.params
kbanded_9_10.params
kbanded_3_5.params
kbanded_7_13.params
shingles_15_19.params
shingles_11_5.params
kbanded_13_5.params
shingles_7_14.params
shingles_17_18.params
kbanded_9_8.params
shingles_13_14.params
shingles_16_14.params
shingles_17_13.params
shingles_14_6.params
shingles_9_11.params
shingles_13_4.params
kbanded_4_2.params
shingles_20_16.params
kbanded_1_6.params
kbanded_10_10.params
kbanded_2_1.params
kbanded_3_13.params
shingles_14_9.params
kbanded_15_14.params
shingles_15_15.params
shingles_16_2.params
shingles_13_11.params
shingles_8_14.params
shingles_3_10.params
shingles_4_15.params
kbanded_1_1.params
kbanded_13_2.params
shingles_11_19.params
kbanded_9_6.params
shingles_19_3.params
shingles_17_8.params
shingles_7_10.params
shingles_13_15.params
kbanded_17_2.params
shingles_11_14.params
kbanded_11_7.params
shingles_20_8.params
shingles_20_3.params
shingles_1_4.params
shingles_12_20.params
shingles_1_17.params
shingles_3_18.params
shingles_15_2.params
kbanded_16_9.params
shingles_20_15.params
kbanded_4_5.params
kbanded_6_4.params
shingles_5_13.params
shingles_16_19.params
shingles_15_18.params
kbanded_19_6.params
shingles_14_8.params
kbanded_8_4.params
shingles_7_9.params
shingles_19_4.params
shingles_3_8.params
shingles_19_20.params
shingles_1_14.params
kbanded_15_7.params
kbanded_1_11.params
shingles_1_12.params
kbanded_20_1.params
shingles_9_6.params
shingles_12_6.params
shingles_15_17.params
kbanded_12_8.params
shingles_2_19.params
shingles_10_10.params
kbanded_15_15.params
kbanded_19_4.params
kbanded_20_8.params
shingles_3_19.params
shingles_12_15.params
shingles_14_16.params
kbanded_6_8.params
shingles_20_10.params
kbanded_20_13.params
shingles_19_18.params
kbanded_11_1.params
kbanded_4_8.params
shingles_3_20.params
shingles_8_3.params
shingles_13_12.params
kbanded_9_2.params
kbanded_17_10.params
shingles_4_13.params
shingles_2_7.params
shingles_1_9.params
shingles_13_17.params
kbanded_3_12.params
shingles_1_3.params
kbanded_13_7.params
kbanded_19_13.params
kbanded_10_6.params
kbanded_12_11.params
kbanded_13_1.params
kbanded_3_9.params
kbanded_12_13.params
shingles_5_18.params
shingles_11_16.params
shingles_9_13.params
shingles_19_12.params
shingles_4_10.params
kbanded_20_5.params
shingles_15_14.params
kbanded_6_11.params
kbanded_16_12.params
shingles_5_7.params
kbanded_2_13.params
shingles_14_15.params
shingles_15_9.params
shingles_5_6.params
kbanded_17_4.params
kbanded_7_11.params
kbanded_3_6.params
shingles_8_19.params
kbanded_1_14.params
kbanded_16_3.params
kbanded_15_11.params
shingles_5_8.params
shingles_12_7.params
kbanded_15_10.params
kbanded_3_7.params
shingles_6_12.params
shingles_7_7.params
shingles_5_4.params
kbanded_2_15.params
shingles_5_2.params
shingles_8_6.params
shingles_4_7.params
kbanded_10_3.params
kbanded_10_5.params
shingles_17_10.params
kbanded_20_9.params
kbanded_9_3.params
shingles_9_9.params
kbanded_6_10.params
shingles_2_4.params
kbanded_10_11.params
kbanded_11_13.params
shingles_1_19.params
kbanded_3_8.params
kbanded_12_5.params
shingles_11_12.params
kbanded_14_6.params
shingles_14_12.params
shingles_19_14.params
shingles_20_13.params
kbanded_5_1.params
kbanded_8_3.params
kbanded_17_8.params
shingles_14_4.params
shingles_16_13.params
shingles_17_3.params
shingles_15_16.params
shingles_18_5.params
shingles_8_8.params
shingles_5_16.params
shingles_7_8.params
shingles_9_14.params
shingles_7_13.params
kbanded_1_12.params
kbanded_5_12.params
kbanded_17_3.params
kbanded_19_7.params
shingles_2_9.params
kbanded_14_3.params
shingles_6_14.params
kbanded_1_4.params
kbanded_19_9.params
shingles_10_3.params
shingles_6_7.params
shingles_18_19.params
shingles_18_4.params
kbanded_20_3.params
shingles_18_3.params
kbanded_13_3.params
shingles_4_18.params
shingles_2_13.params
kbanded_5_10.params
shingles_6_5.params
kbanded_5_15.params
shingles_6_13.params
shingles_9_5.params
shingles_6_8.params
shingles_6_9.params
shingles_13_7.params
shingles_6_2.params
shingles_14_11.params
shingles_17_5.params
kbanded_5_2.params
kbanded_15_5.params
shingles_17_20.params
shingles_7_5.params
shingles_18_8.params
kbanded_18_10.params
shingles_16_7.params
kbanded_19_11.params
kbanded_20_11.params
shingles_12_14.params
kbanded_5_6.params
shingles_17_2.params
kbanded_1_7.params
kbanded_7_4.params
shingles_10_8.params
shingles_15_4.params
kbanded_11_12.params
kbanded_10_8.params
kbanded_5_7.params
shingles_11_17.params
kbanded_7_15.params
kbanded_14_15.params
kbanded_6_13.params
kbanded_5_13.params
shingles_6_16.params
kbanded_16_11.params
shingles_3_13.params
shingles_6_10.params
kbanded_4_15.params
kbanded_6_12.params
shingles_13_20.params
kbanded_19_10.params
kbanded_17_13.params
kbanded_8_7.params
kbanded_4_3.params
kbanded_2_8.params
kbanded_13_14.params
shingles_12_18.params
kbanded_18_5.params
kbanded_7_10.params
kbanded_8_5.params
kbanded_4_10.params
kbanded_20_14.params
shingles_19_16.params
kbanded_20_6.params
shingles_9_10.params
shingles_15_8.params
shingles_14_19.params
shingles_5_9.params
shingles_5_17.params
kbanded_8_12.params
shingles_13_13.params
kbanded_13_4.params
shingles_15_11.params
kbanded_3_14.params
shingles_4_8.params
shingles_7_6.params
shingles_16_4.params
shingles_12_19.params
shingles_6_17.params
shingles_14_3.params
kbanded_17_12.params
shingles_6_3.params
shingles_10_16.params
kbanded_7_5.params
kbanded_17_9.params
shingles_4_17.params
shingles_1_15.params
shingles_7_15.params
shingles_15_20.params
shingles_17_12.params
shingles_11_4.params
shingles_14_20.params
kbanded_2_14.params
shingles_17_19.params
shingles_16_6.params
shingles_11_2.params
kbanded_1_15.params
shingles_20_20.params
shingles_6_15.params
shingles_12_13.params
kbanded_16_15.params
shingles_2_14.params
shingles_4_14.params
shingles_10_7.params
kbanded_18_2.params
shingles_5_10.params
shingles_8_15.params
shingles_13_10.params
shingles_11_6.params
kbanded_3_4.params
shingles_3_5.params
kbanded_9_4.params
shingles_13_5.params
shingles_8_7.params
shingles_4_11.params
shingles_14_5.params
kbanded_6_14.params
shingles_9_12.params
shingles_2_20.params
shingles_3_12.params
shingles_18_18.params
shingles_8_20.params
shingles_4_16.params
kbanded_11_3.params
shingles_20_19.params
kbanded_18_6.params
kbanded_20_12.params
shingles_3_4.params
shingles_20_5.params
kbanded_2_11.params
shingles_8_9.params
kbanded_2_9.params
kbanded_20_15.params
kbanded_14_7.params
shingles_10_20.params
shingles_16_17.params
shingles_12_16.params
shingles_14_10.params
shingles_14_18.params
kbanded_1_8.params
shingles_16_5.params
shingles_2_17.params
shingles_15_10.params
shingles_5_19.params
shingles_14_17.params
kbanded_13_6.params
shingles_19_17.params
kbanded_9_7.params
kbanded_13_11.params
shingles_15_7.params
kbanded_14_2.params
shingles_17_9.params
shingles_8_11.params
shingles_5_14.params
shingles_2_18.params
shingles_9_3.params
kbanded_20_10.params
kbanded_15_13.params
shingles_1_2.params
shingles_15_3.params
shingles_12_2.params
kbanded_19_12.params
kbanded_8_2.params
kbanded_11_15.params
shingles_17_15.params
shingles_3_3.params
kbanded_8_11.params
kbanded_17_11.params
shingles_5_12.params
kbanded_18_15.params
kbanded_7_6.params
kbanded_11_14.params
shingles_5_5.params
kbanded_9_1.params
kbanded_18_14.params
kbanded_19_1.params
kbanded_6_3.params
shingles_18_6.params
kbanded_4_6.params
shingles_10_15.params
shingles_7_18.params
kbanded_6_5.params
shingles_18_10.params
shingles_16_9.params
kbanded_15_1.params
shingles_12_12.params
kbanded_4_7.params
shingles_7_4.params
kbanded_10_14.params
shingles_8_2.params
shingles_12_11.params
kbanded_12_1.params
kbanded_11_4.params
shingles_19_8.params
kbanded_4_1.params
kbanded_16_6.params
kbanded_3_10.params
shingles_20_12.params
kbanded_16_2.params
kbanded_20_4.params
shingles_18_16.params
shingles_1_6.params
kbanded_7_8.params
kbanded_16_1.params
shingles_11_18.params
kbanded_5_4.params
kbanded_17_7.params
shingles_17_16.params
shingles_20_7.params
shingles_9_19.params
kbanded_18_13.params
kbanded_8_10.params
shingles_7_17.params
shingles_16_20.params
shingles_9_17.params
kbanded_18_4.params
kbanded_3_11.params
kbanded_8_6.params
shingles_7_19.params
kbanded_4_14.params
shingles_19_13.params
kbanded_7_7.params
shingles_7_12.params
shingles_11_20.params
shingles_3_14.params
kbanded_17_5.params
kbanded_15_12.params
shingles_1_7.params
shingles_20_2.params
kbanded_4_9.params
shingles_17_11.params
kbanded_1_2.params
kbanded_12_3.params
shingles_18_15.params
shingles_12_4.params
shingles_2_12.params
shingles_20_17.params
shingles_16_12.params
kbanded_14_1.params
shingles_1_8.params
kbanded_18_8.params
shingles_2_5.params
shingles_9_20.params
shingles_10_17.params
kbanded_4_13.params
shingles_12_8.params
kbanded_14_4.params
kbanded_10_15.params
kbanded_3_15.params
kbanded_14_5.params
kbanded_6_1.params
shingles_18_20.params
kbanded_7_9.params
kbanded_14_8.params
kbanded_12_10.params
kbanded_13_13.params
shingles_8_13.params
shingles_14_7.params
shingles_9_8.params
kbanded_10_4.params
kbanded_14_14.params
kbanded_7_14.params
kbanded_19_5.params
kbanded_6_15.params
shingles_3_6.params
shingles_10_11.params
kbanded_12_7.params
shingles_9_18.params
shingles_4_3.params
shingles_5_15.params
shingles_14_2.params
shingles_19_10.params
shingles_2_11.params
shingles_18_2.params
shingles_19_5.params
kbanded_2_2.params
kbanded_15_9.params
shingles_4_9.params
shingles_3_17.params
kbanded_9_9.params
kbanded_15_3.params
shingles_16_16.params
shingles_3_11.params
kbanded_17_14.params
kbanded_10_2.params
kbanded_6_9.params
kbanded_11_8.params
shingles_8_10.params
kbanded_17_1.params
shingles_2_16.params
kbanded_8_9.params
shingles_16_3.params
shingles_4_19.params
shingles_19_15.params
kbanded_11_11.params
shingles_17_14.params
shingles_3_16.params
kbanded_9_11.params
kbanded_20_7.params
shingles_11_13.params
kbanded_19_2.params
kbanded_10_13.params
