Building DAG of jobs...
Using shell: /usr/local/bin/bash
Provided cores: 8
Rules claiming more threads will be scaled down.
Job counts:
	count	jobs
	1	target
	86	test
	87

[Wed Dec  4 11:40:41 2019]
rule test:
    input: test/shingles_10_5.params
    output: test/shingles_10_5.result
    jobid: 115
    wildcards: param=shingles_10_5


[Wed Dec  4 11:40:41 2019]
rule test:
    input: test/kbanded_10_5.params
    output: test/kbanded_10_5.result
    jobid: 48
    wildcards: param=kbanded_10_5


[Wed Dec  4 11:40:41 2019]
rule test:
    input: test/shingles_3_20.params
    output: test/shingles_3_20.result
    jobid: 71
    wildcards: param=shingles_3_20


[Wed Dec  4 11:40:41 2019]
rule test:
    input: test/kbanded_10_3.params
    output: test/kbanded_10_3.result
    jobid: 47
    wildcards: param=kbanded_10_3


[Wed Dec  4 11:40:41 2019]
rule test:
    input: test/kbanded_10_9.params
    output: test/kbanded_10_9.result
    jobid: 50
    wildcards: param=kbanded_10_9


[Wed Dec  4 11:40:41 2019]
rule test:
    input: test/shingles_5_11.params
    output: test/shingles_5_11.result
    jobid: 82
    wildcards: param=shingles_5_11


[Wed Dec  4 11:40:41 2019]
rule test:
    input: test/shingles_8_17.params
    output: test/shingles_8_17.result
    jobid: 105
    wildcards: param=shingles_8_17


[Wed Dec  4 11:40:41 2019]
rule test:
    input: test/shingles_6_11.params
    output: test/shingles_6_11.result
    jobid: 89
    wildcards: param=shingles_6_11

[Wed Dec  4 11:42:38 2019]
Finished job 115.
1 of 87 steps (1%) done

[Wed Dec  4 11:42:38 2019]
rule test:
    input: test/shingles_2_20.params
    output: test/shingles_2_20.result
    jobid: 64
    wildcards: param=shingles_2_20

[Wed Dec  4 11:43:01 2019]
Finished job 82.
2 of 87 steps (2%) done

[Wed Dec  4 11:43:01 2019]
rule test:
    input: test/shingles_8_20.params
    output: test/shingles_8_20.result
    jobid: 106
    wildcards: param=shingles_8_20

[Wed Dec  4 11:43:03 2019]
Finished job 89.
3 of 87 steps (3%) done

[Wed Dec  4 11:43:03 2019]
rule test:
    input: test/shingles_9_11.params
    output: test/shingles_9_11.result
    jobid: 110
    wildcards: param=shingles_9_11

[Wed Dec  4 11:43:05 2019]
Finished job 105.
4 of 87 steps (5%) done

[Wed Dec  4 11:43:05 2019]
rule test:
    input: test/shingles_5_17.params
    output: test/shingles_5_17.result
    jobid: 84
    wildcards: param=shingles_5_17

[Wed Dec  4 11:43:06 2019]
Finished job 71.
5 of 87 steps (6%) done

[Wed Dec  4 11:43:06 2019]
rule test:
    input: test/shingles_3_14.params
    output: test/shingles_3_14.result
    jobid: 69
    wildcards: param=shingles_3_14

[Wed Dec  4 11:44:49 2019]
Finished job 64.
6 of 87 steps (7%) done

[Wed Dec  4 11:44:49 2019]
rule test:
    input: test/shingles_9_14.params
    output: test/shingles_9_14.result
    jobid: 111
    wildcards: param=shingles_9_14

[Wed Dec  4 11:45:27 2019]
Finished job 110.
7 of 87 steps (8%) done

[Wed Dec  4 11:45:27 2019]
rule test:
    input: test/kbanded_4_9.params
    output: test/kbanded_4_9.result
    jobid: 20
    wildcards: param=kbanded_4_9

[Wed Dec  4 11:45:31 2019]
Finished job 69.
8 of 87 steps (9%) done

[Wed Dec  4 11:45:31 2019]
rule test:
    input: test/shingles_6_2.params
    output: test/shingles_6_2.result
    jobid: 86
    wildcards: param=shingles_6_2

[Wed Dec  4 11:45:32 2019]
Finished job 106.
9 of 87 steps (10%) done

[Wed Dec  4 11:45:32 2019]
rule test:
    input: test/kbanded_1_7.params
    output: test/kbanded_1_7.result
    jobid: 4
    wildcards: param=kbanded_1_7

[Wed Dec  4 11:46:49 2019]
Finished job 111.
10 of 87 steps (11%) done

[Wed Dec  4 11:46:49 2019]
rule test:
    input: test/shingles_3_5.params
    output: test/shingles_3_5.result
    jobid: 66
    wildcards: param=shingles_3_5

[Wed Dec  4 11:47:04 2019]
Finished job 86.
11 of 87 steps (13%) done

[Wed Dec  4 11:47:04 2019]
rule test:
    input: test/kbanded_7_7.params
    output: test/kbanded_7_7.result
    jobid: 34
    wildcards: param=kbanded_7_7

[Wed Dec  4 11:48:13 2019]
Finished job 66.
12 of 87 steps (14%) done

[Wed Dec  4 11:48:13 2019]
rule test:
    input: test/shingles_9_8.params
    output: test/shingles_9_8.result
    jobid: 109
    wildcards: param=shingles_9_8

[Wed Dec  4 11:48:55 2019]
Finished job 47.
13 of 87 steps (15%) done

[Wed Dec  4 11:48:55 2019]
rule test:
    input: test/shingles_9_5.params
    output: test/shingles_9_5.result
    jobid: 108
    wildcards: param=shingles_9_5

[Wed Dec  4 11:49:38 2019]
Finished job 109.
14 of 87 steps (16%) done

[Wed Dec  4 11:49:38 2019]
rule test:
    input: test/kbanded_6_9.params
    output: test/kbanded_6_9.result
    jobid: 30
    wildcards: param=kbanded_6_9

[Wed Dec  4 11:50:07 2019]
Finished job 108.
15 of 87 steps (17%) done

[Wed Dec  4 11:50:07 2019]
rule test:
    input: test/shingles_4_8.params
    output: test/shingles_4_8.result
    jobid: 74
    wildcards: param=shingles_4_8

[Wed Dec  4 11:51:42 2019]
Finished job 74.
16 of 87 steps (18%) done

[Wed Dec  4 11:51:42 2019]
rule test:
    input: test/kbanded_6_3.params
    output: test/kbanded_6_3.result
    jobid: 27
    wildcards: param=kbanded_6_3

[Wed Dec  4 11:52:28 2019]
Finished job 48.
17 of 87 steps (20%) done

[Wed Dec  4 11:52:29 2019]
rule test:
    input: test/kbanded_3_3.params
    output: test/kbanded_3_3.result
    jobid: 12
    wildcards: param=kbanded_3_3

[Wed Dec  4 11:53:16 2019]
Finished job 84.
18 of 87 steps (21%) done

[Wed Dec  4 11:53:16 2019]
rule test:
    input: test/kbanded_7_3.params
    output: test/kbanded_7_3.result
    jobid: 32
    wildcards: param=kbanded_7_3

[Wed Dec  4 11:59:51 2019]
Finished job 27.
19 of 87 steps (22%) done

[Wed Dec  4 11:59:51 2019]
rule test:
    input: test/shingles_6_8.params
    output: test/shingles_6_8.result
    jobid: 88
    wildcards: param=shingles_6_8

[Wed Dec  4 12:00:41 2019]
Finished job 50.
20 of 87 steps (23%) done

[Wed Dec  4 12:00:41 2019]
rule test:
    input: test/shingles_6_5.params
    output: test/shingles_6_5.result
    jobid: 87
    wildcards: param=shingles_6_5

[Wed Dec  4 12:00:42 2019]
Finished job 12.
21 of 87 steps (24%) done

[Wed Dec  4 12:00:42 2019]
rule test:
    input: test/shingles_4_2.params
    output: test/shingles_4_2.result
    jobid: 72
    wildcards: param=shingles_4_2

[Wed Dec  4 12:01:26 2019]
Finished job 4.
22 of 87 steps (25%) done

[Wed Dec  4 12:01:26 2019]
rule test:
    input: test/kbanded_6_7.params
    output: test/kbanded_6_7.result
    jobid: 29
    wildcards: param=kbanded_6_7

[Wed Dec  4 12:01:27 2019]
Finished job 32.
23 of 87 steps (26%) done

[Wed Dec  4 12:01:27 2019]
rule test:
    input: test/shingles_1_5.params
    output: test/shingles_1_5.result
    jobid: 52
    wildcards: param=shingles_1_5

[Wed Dec  4 12:01:35 2019]
Finished job 88.
24 of 87 steps (28%) done

[Wed Dec  4 12:01:35 2019]
rule test:
    input: test/kbanded_4_3.params
    output: test/kbanded_4_3.result
    jobid: 17
    wildcards: param=kbanded_4_3

[Wed Dec  4 12:02:25 2019]
Finished job 72.
25 of 87 steps (29%) done

[Wed Dec  4 12:02:25 2019]
rule test:
    input: test/kbanded_1_1.params
    output: test/kbanded_1_1.result
    jobid: 1
    wildcards: param=kbanded_1_1

[Wed Dec  4 12:02:29 2019]
Finished job 87.
26 of 87 steps (30%) done

[Wed Dec  4 12:02:29 2019]
rule test:
    input: test/kbanded_9_9.params
    output: test/kbanded_9_9.result
    jobid: 45
    wildcards: param=kbanded_9_9

[Wed Dec  4 12:02:40 2019]
Finished job 34.
27 of 87 steps (31%) done

[Wed Dec  4 12:02:40 2019]
rule test:
    input: test/kbanded_8_7.params
    output: test/kbanded_8_7.result
    jobid: 39
    wildcards: param=kbanded_8_7

[Wed Dec  4 12:03:20 2019]
Finished job 52.
28 of 87 steps (32%) done

[Wed Dec  4 12:03:20 2019]
rule test:
    input: test/kbanded_6_1.params
    output: test/kbanded_6_1.result
    jobid: 26
    wildcards: param=kbanded_6_1

[Wed Dec  4 12:04:53 2019]
Finished job 20.
29 of 87 steps (33%) done

[Wed Dec  4 12:04:53 2019]
rule test:
    input: test/kbanded_4_5.params
    output: test/kbanded_4_5.result
    jobid: 18
    wildcards: param=kbanded_4_5

[Wed Dec  4 12:07:26 2019]
Finished job 1.
30 of 87 steps (34%) done

[Wed Dec  4 12:07:26 2019]
rule test:
    input: test/shingles_5_8.params
    output: test/shingles_5_8.result
    jobid: 81
    wildcards: param=shingles_5_8

[Wed Dec  4 12:07:57 2019]
Finished job 26.
31 of 87 steps (36%) done

[Wed Dec  4 12:07:57 2019]
rule test:
    input: test/shingles_8_5.params
    output: test/shingles_8_5.result
    jobid: 101
    wildcards: param=shingles_8_5

[Wed Dec  4 12:09:00 2019]
Finished job 81.
32 of 87 steps (37%) done

[Wed Dec  4 12:09:00 2019]
rule test:
    input: test/kbanded_8_3.params
    output: test/kbanded_8_3.result
    jobid: 37
    wildcards: param=kbanded_8_3

[Wed Dec  4 12:09:11 2019]
Finished job 101.
33 of 87 steps (38%) done

[Wed Dec  4 12:09:11 2019]
rule test:
    input: test/kbanded_9_3.params
    output: test/kbanded_9_3.result
    jobid: 42
    wildcards: param=kbanded_9_3

[Wed Dec  4 12:09:30 2019]
Finished job 30.
34 of 87 steps (39%) done

[Wed Dec  4 12:09:30 2019]
rule test:
    input: test/shingles_1_2.params
    output: test/shingles_1_2.result
    jobid: 51
    wildcards: param=shingles_1_2

[Wed Dec  4 12:10:25 2019]
Finished job 17.
35 of 87 steps (40%) done

[Wed Dec  4 12:10:25 2019]
rule test:
    input: test/kbanded_8_9.params
    output: test/kbanded_8_9.result
    jobid: 40
    wildcards: param=kbanded_8_9

[Wed Dec  4 12:11:09 2019]
Finished job 51.
36 of 87 steps (41%) done

[Wed Dec  4 12:11:09 2019]
rule test:
    input: test/kbanded_6_5.params
    output: test/kbanded_6_5.result
    jobid: 28
    wildcards: param=kbanded_6_5

[Wed Dec  4 12:16:42 2019]
Finished job 18.
37 of 87 steps (43%) done

[Wed Dec  4 12:16:42 2019]
rule test:
    input: test/kbanded_8_5.params
    output: test/kbanded_8_5.result
    jobid: 38
    wildcards: param=kbanded_8_5

[Wed Dec  4 12:17:38 2019]
Finished job 29.
38 of 87 steps (44%) done

[Wed Dec  4 12:17:38 2019]
rule test:
    input: test/shingles_7_2.params
    output: test/shingles_7_2.result
    jobid: 93
    wildcards: param=shingles_7_2

[Wed Dec  4 12:17:43 2019]
Finished job 37.
39 of 87 steps (45%) done

[Wed Dec  4 12:17:43 2019]
rule test:
    input: test/shingles_7_8.params
    output: test/shingles_7_8.result
    jobid: 95
    wildcards: param=shingles_7_8

[Wed Dec  4 12:18:15 2019]
Finished job 42.
40 of 87 steps (46%) done

[Wed Dec  4 12:18:15 2019]
rule test:
    input: test/kbanded_1_9.params
    output: test/kbanded_1_9.result
    jobid: 5
    wildcards: param=kbanded_1_9

[Wed Dec  4 12:18:54 2019]
Finished job 39.
41 of 87 steps (47%) done

[Wed Dec  4 12:18:54 2019]
rule test:
    input: test/shingles_7_5.params
    output: test/shingles_7_5.result
    jobid: 94
    wildcards: param=shingles_7_5

[Wed Dec  4 12:19:16 2019]
Finished job 93.
42 of 87 steps (48%) done

[Wed Dec  4 12:19:16 2019]
rule test:
    input: test/shingles_8_2.params
    output: test/shingles_8_2.result
    jobid: 100
    wildcards: param=shingles_8_2

[Wed Dec  4 12:19:45 2019]
Finished job 95.
43 of 87 steps (49%) done

[Wed Dec  4 12:19:45 2019]
rule test:
    input: test/kbanded_3_5.params
    output: test/kbanded_3_5.result
    jobid: 13
    wildcards: param=kbanded_3_5

[Wed Dec  4 12:20:41 2019]
Finished job 94.
44 of 87 steps (51%) done

[Wed Dec  4 12:20:41 2019]
rule test:
    input: test/shingles_2_8.params
    output: test/shingles_2_8.result
    jobid: 60
    wildcards: param=shingles_2_8

[Wed Dec  4 12:20:59 2019]
Finished job 100.
45 of 87 steps (52%) done

[Wed Dec  4 12:20:59 2019]
rule test:
    input: test/kbanded_4_7.params
    output: test/kbanded_4_7.result
    jobid: 19
    wildcards: param=kbanded_4_7

[Wed Dec  4 12:22:29 2019]
Finished job 60.
46 of 87 steps (53%) done

[Wed Dec  4 12:22:29 2019]
rule test:
    input: test/kbanded_8_1.params
    output: test/kbanded_8_1.result
    jobid: 36
    wildcards: param=kbanded_8_1

[Wed Dec  4 12:22:42 2019]
Finished job 45.
47 of 87 steps (54%) done

[Wed Dec  4 12:22:42 2019]
rule test:
    input: test/kbanded_5_1.params
    output: test/kbanded_5_1.result
    jobid: 21
    wildcards: param=kbanded_5_1

[Wed Dec  4 12:23:00 2019]
Finished job 28.
48 of 87 steps (55%) done

[Wed Dec  4 12:23:00 2019]
rule test:
    input: test/kbanded_9_1.params
    output: test/kbanded_9_1.result
    jobid: 41
    wildcards: param=kbanded_9_1

[Wed Dec  4 12:27:23 2019]
Finished job 36.
49 of 87 steps (56%) done

[Wed Dec  4 12:27:23 2019]
rule test:
    input: test/kbanded_3_7.params
    output: test/kbanded_3_7.result
    jobid: 14
    wildcards: param=kbanded_3_7

[Wed Dec  4 12:27:46 2019]
Finished job 21.
50 of 87 steps (57%) done

[Wed Dec  4 12:27:46 2019]
rule test:
    input: test/shingles_3_8.params
    output: test/shingles_3_8.result
    jobid: 67
    wildcards: param=shingles_3_8

[Wed Dec  4 12:27:52 2019]
Finished job 41.
51 of 87 steps (59%) done

[Wed Dec  4 12:27:52 2019]
rule test:
    input: test/shingles_5_2.params
    output: test/shingles_5_2.result
    jobid: 79
    wildcards: param=shingles_5_2

[Wed Dec  4 12:28:14 2019]
Finished job 38.
52 of 87 steps (60%) done

[Wed Dec  4 12:28:14 2019]
rule test:
    input: test/kbanded_5_7.params
    output: test/kbanded_5_7.result
    jobid: 24
    wildcards: param=kbanded_5_7

[Wed Dec  4 12:29:24 2019]
Finished job 79.
53 of 87 steps (61%) done

[Wed Dec  4 12:29:24 2019]
rule test:
    input: test/shingles_2_5.params
    output: test/shingles_2_5.result
    jobid: 59
    wildcards: param=shingles_2_5

[Wed Dec  4 12:29:48 2019]
Finished job 67.
54 of 87 steps (62%) done

[Wed Dec  4 12:29:48 2019]
rule test:
    input: test/kbanded_4_1.params
    output: test/kbanded_4_1.result
    jobid: 16
    wildcards: param=kbanded_4_1

[Wed Dec  4 12:30:10 2019]
Finished job 40.
55 of 87 steps (63%) done

[Wed Dec  4 12:30:10 2019]
rule test:
    input: test/kbanded_2_5.params
    output: test/kbanded_2_5.result
    jobid: 8
    wildcards: param=kbanded_2_5

[Wed Dec  4 12:31:04 2019]
Finished job 59.
56 of 87 steps (64%) done

[Wed Dec  4 12:31:04 2019]
rule test:
    input: test/kbanded_1_3.params
    output: test/kbanded_1_3.result
    jobid: 2
    wildcards: param=kbanded_1_3

[Wed Dec  4 12:31:53 2019]
Finished job 13.
57 of 87 steps (66%) done

[Wed Dec  4 12:31:53 2019]
rule test:
    input: test/kbanded_3_9.params
    output: test/kbanded_3_9.result
    jobid: 15
    wildcards: param=kbanded_3_9

[Wed Dec  4 12:34:42 2019]
Finished job 16.
58 of 87 steps (67%) done

[Wed Dec  4 12:34:42 2019]
rule test:
    input: test/kbanded_2_9.params
    output: test/kbanded_2_9.result
    jobid: 10
    wildcards: param=kbanded_2_9

[Wed Dec  4 12:36:49 2019]
Finished job 19.
59 of 87 steps (68%) done

[Wed Dec  4 12:36:49 2019]
rule test:
    input: test/kbanded_9_7.params
    output: test/kbanded_9_7.result
    jobid: 44
    wildcards: param=kbanded_9_7

[Wed Dec  4 12:37:40 2019]
Finished job 5.
60 of 87 steps (69%) done

[Wed Dec  4 12:37:40 2019]
rule test:
    input: test/kbanded_2_7.params
    output: test/kbanded_2_7.result
    jobid: 9
    wildcards: param=kbanded_2_7

[Wed Dec  4 12:39:26 2019]
Finished job 2.
61 of 87 steps (70%) done

[Wed Dec  4 12:39:26 2019]
rule test:
    input: test/kbanded_1_5.params
    output: test/kbanded_1_5.result
    jobid: 3
    wildcards: param=kbanded_1_5

[Wed Dec  4 12:42:37 2019]
Finished job 8.
62 of 87 steps (71%) done

[Wed Dec  4 12:42:37 2019]
rule test:
    input: test/shingles_3_2.params
    output: test/shingles_3_2.result
    jobid: 65
    wildcards: param=shingles_3_2

[Wed Dec  4 12:43:41 2019]
Finished job 65.
63 of 87 steps (72%) done

[Wed Dec  4 12:43:41 2019]
rule test:
    input: test/kbanded_9_5.params
    output: test/kbanded_9_5.result
    jobid: 43
    wildcards: param=kbanded_9_5

[Wed Dec  4 12:43:50 2019]
Finished job 14.
64 of 87 steps (74%) done

[Wed Dec  4 12:43:50 2019]
rule test:
    input: test/kbanded_5_5.params
    output: test/kbanded_5_5.result
    jobid: 23
    wildcards: param=kbanded_5_5

[Wed Dec  4 12:44:15 2019]
Finished job 24.
65 of 87 steps (75%) done

[Wed Dec  4 12:44:15 2019]
rule test:
    input: test/kbanded_2_3.params
    output: test/kbanded_2_3.result
    jobid: 7
    wildcards: param=kbanded_2_3

[Wed Dec  4 12:51:21 2019]
Finished job 3.
66 of 87 steps (76%) done

[Wed Dec  4 12:51:21 2019]
rule test:
    input: test/kbanded_7_9.params
    output: test/kbanded_7_9.result
    jobid: 35
    wildcards: param=kbanded_7_9

[Wed Dec  4 12:51:43 2019]
Finished job 15.
67 of 87 steps (77%) done

[Wed Dec  4 12:51:43 2019]
rule test:
    input: test/shingles_5_5.params
    output: test/shingles_5_5.result
    jobid: 80
    wildcards: param=shingles_5_5

[Wed Dec  4 12:52:33 2019]
Finished job 44.
68 of 87 steps (78%) done

[Wed Dec  4 12:52:33 2019]
rule test:
    input: test/shingles_2_2.params
    output: test/shingles_2_2.result
    jobid: 58
    wildcards: param=shingles_2_2

[Wed Dec  4 12:53:02 2019]
Finished job 7.
69 of 87 steps (79%) done

[Wed Dec  4 12:53:02 2019]
rule test:
    input: test/kbanded_7_1.params
    output: test/kbanded_7_1.result
    jobid: 31
    wildcards: param=kbanded_7_1

[Wed Dec  4 12:53:14 2019]
Finished job 80.
70 of 87 steps (80%) done

[Wed Dec  4 12:53:14 2019]
rule test:
    input: test/shingles_8_8.params
    output: test/shingles_8_8.result
    jobid: 102
    wildcards: param=shingles_8_8

[Wed Dec  4 12:53:32 2019]
Finished job 9.
71 of 87 steps (82%) done

[Wed Dec  4 12:53:32 2019]
rule test:
    input: test/shingles_1_8.params
    output: test/shingles_1_8.result
    jobid: 53
    wildcards: param=shingles_1_8

[Wed Dec  4 12:54:07 2019]
Finished job 58.
72 of 87 steps (83%) done

[Wed Dec  4 12:54:07 2019]
rule test:
    input: test/kbanded_5_3.params
    output: test/kbanded_5_3.result
    jobid: 22
    wildcards: param=kbanded_5_3

[Wed Dec  4 12:54:28 2019]
Finished job 10.
73 of 87 steps (84%) done

[Wed Dec  4 12:54:28 2019]
rule test:
    input: test/kbanded_7_5.params
    output: test/kbanded_7_5.result
    jobid: 33
    wildcards: param=kbanded_7_5

[Wed Dec  4 12:55:25 2019]
Finished job 102.
74 of 87 steps (85%) done

[Wed Dec  4 12:55:25 2019]
rule test:
    input: test/kbanded_5_9.params
    output: test/kbanded_5_9.result
    jobid: 25
    wildcards: param=kbanded_5_9

[Wed Dec  4 12:55:37 2019]
Finished job 53.
75 of 87 steps (86%) done

[Wed Dec  4 12:55:37 2019]
rule test:
    input: test/kbanded_2_1.params
    output: test/kbanded_2_1.result
    jobid: 6
    wildcards: param=kbanded_2_1

[Wed Dec  4 12:56:05 2019]
Finished job 43.
76 of 87 steps (87%) done

[Wed Dec  4 12:56:05 2019]
rule test:
    input: test/kbanded_3_1.params
    output: test/kbanded_3_1.result
    jobid: 11
    wildcards: param=kbanded_3_1

[Wed Dec  4 12:56:08 2019]
Finished job 23.
77 of 87 steps (89%) done

[Wed Dec  4 12:56:08 2019]
rule test:
    input: test/shingles_4_5.params
    output: test/shingles_4_5.result
    jobid: 73
    wildcards: param=shingles_4_5

[Wed Dec  4 12:57:39 2019]
Finished job 31.
78 of 87 steps (90%) done

[Wed Dec  4 12:57:39 2019]
rule test:
    input: test/shingles_9_2.params
    output: test/shingles_9_2.result
    jobid: 107
    wildcards: param=shingles_9_2

[Wed Dec  4 12:57:53 2019]
Finished job 73.
79 of 87 steps (91%) done
[Wed Dec  4 12:58:37 2019]
Finished job 107.
80 of 87 steps (92%) done
[Wed Dec  4 13:00:23 2019]
Finished job 6.
81 of 87 steps (93%) done
[Wed Dec  4 13:00:44 2019]
Finished job 11.
82 of 87 steps (94%) done
[Wed Dec  4 13:02:13 2019]
Finished job 22.
83 of 87 steps (95%) done
[Wed Dec  4 13:05:48 2019]
Finished job 33.
84 of 87 steps (97%) done
[Wed Dec  4 13:09:27 2019]
Finished job 35.
85 of 87 steps (98%) done
[Wed Dec  4 13:12:51 2019]
Finished job 25.
86 of 87 steps (99%) done

[Wed Dec  4 13:12:51 2019]
localrule target:
    input: test/kbanded_1_1.result, test/kbanded_1_3.result, test/kbanded_1_5.result, test/kbanded_1_7.result, test/kbanded_1_9.result, test/kbanded_2_1.result, test/kbanded_2_3.result, test/kbanded_2_5.result, test/kbanded_2_7.result, test/kbanded_2_9.result, test/kbanded_3_1.result, test/kbanded_3_3.result, test/kbanded_3_5.result, test/kbanded_3_7.result, test/kbanded_3_9.result, test/kbanded_4_1.result, test/kbanded_4_3.result, test/kbanded_4_5.result, test/kbanded_4_7.result, test/kbanded_4_9.result, test/kbanded_5_1.result, test/kbanded_5_3.result, test/kbanded_5_5.result, test/kbanded_5_7.result, test/kbanded_5_9.result, test/kbanded_6_1.result, test/kbanded_6_3.result, test/kbanded_6_5.result, test/kbanded_6_7.result, test/kbanded_6_9.result, test/kbanded_7_1.result, test/kbanded_7_3.result, test/kbanded_7_5.result, test/kbanded_7_7.result, test/kbanded_7_9.result, test/kbanded_8_1.result, test/kbanded_8_3.result, test/kbanded_8_5.result, test/kbanded_8_7.result, test/kbanded_8_9.result, test/kbanded_9_1.result, test/kbanded_9_3.result, test/kbanded_9_5.result, test/kbanded_9_7.result, test/kbanded_9_9.result, test/kbanded_10_1.result, test/kbanded_10_3.result, test/kbanded_10_5.result, test/kbanded_10_7.result, test/kbanded_10_9.result, test/shingles_1_2.result, test/shingles_1_5.result, test/shingles_1_8.result, test/shingles_1_11.result, test/shingles_1_14.result, test/shingles_1_17.result, test/shingles_1_20.result, test/shingles_2_2.result, test/shingles_2_5.result, test/shingles_2_8.result, test/shingles_2_11.result, test/shingles_2_14.result, test/shingles_2_17.result, test/shingles_2_20.result, test/shingles_3_2.result, test/shingles_3_5.result, test/shingles_3_8.result, test/shingles_3_11.result, test/shingles_3_14.result, test/shingles_3_17.result, test/shingles_3_20.result, test/shingles_4_2.result, test/shingles_4_5.result, test/shingles_4_8.result, test/shingles_4_11.result, test/shingles_4_14.result, test/shingles_4_17.result, test/shingles_4_20.result, test/shingles_5_2.result, test/shingles_5_5.result, test/shingles_5_8.result, test/shingles_5_11.result, test/shingles_5_14.result, test/shingles_5_17.result, test/shingles_5_20.result, test/shingles_6_2.result, test/shingles_6_5.result, test/shingles_6_8.result, test/shingles_6_11.result, test/shingles_6_14.result, test/shingles_6_17.result, test/shingles_6_20.result, test/shingles_7_2.result, test/shingles_7_5.result, test/shingles_7_8.result, test/shingles_7_11.result, test/shingles_7_14.result, test/shingles_7_17.result, test/shingles_7_20.result, test/shingles_8_2.result, test/shingles_8_5.result, test/shingles_8_8.result, test/shingles_8_11.result, test/shingles_8_14.result, test/shingles_8_17.result, test/shingles_8_20.result, test/shingles_9_2.result, test/shingles_9_5.result, test/shingles_9_8.result, test/shingles_9_11.result, test/shingles_9_14.result, test/shingles_9_17.result, test/shingles_9_20.result, test/shingles_10_2.result, test/shingles_10_5.result, test/shingles_10_8.result, test/shingles_10_11.result, test/shingles_10_14.result, test/shingles_10_17.result, test/shingles_10_20.result
    jobid: 0

[Wed Dec  4 13:12:51 2019]
Finished job 0.
87 of 87 steps (100%) done
Complete log: /users/zzjin/course_project/ComputationalGenomics/.snakemake/log/2019-12-04T114040.697703.snakemake.log
