Building DAG of jobs...
Using shell: /usr/local/bin/bash
Provided cores: 1 (use --cores to define parallelism)
Rules claiming more threads will be scaled down.
Job counts:
	count	jobs
	1	targets
	679	test
	680

[Tue Dec  3 16:58:38 2019]
rule test:
    input: test/shingles_11_11.params
    output: test/shingles_11_11.result
    jobid: 500
    wildcards: param=shingles_11_11

[Tue Dec  3 16:58:52 2019]
Finished job 500.
1 of 680 steps (0.15%) done

[Tue Dec  3 16:58:52 2019]
rule test:
    input: test/shingles_14_14.params
    output: test/shingles_14_14.result
    jobid: 560
    wildcards: param=shingles_14_14

Terminating processes on user request, this might take some time.
[Tue Dec  3 16:58:56 2019]
Error in rule test:
    jobid: 560
Cancelling snakemake on user request.
    output: test/shingles_14_14.result
    shell:
        bash ./script.sh test/shingles_14_14.params test/shingles_14_14.result
        (one of the commands exited with non-zero exit code; note that snakemake uses bash strict mode!)

