Building DAG of jobs...
Using shell: /usr/local/bin/bash
Provided cores: 1 (use --cores to define parallelism)
Rules claiming more threads will be scaled down.
Job counts:
	count	jobs
	12	cluster
	1	target
	13

[Fri Dec  6 00:46:54 2019]
rule cluster:
    input: test/shingles_10_14.params
    output: test/shingles_10_14.result.cluster
    jobid: 10
    wildcards: param=shingles_10_14

[Fri Dec  6 00:48:16 2019]
Finished job 10.
1 of 13 steps (8%) done

[Fri Dec  6 00:48:16 2019]
rule cluster:
    input: test/shingles_10_20.params
    output: test/shingles_10_20.result.cluster
    jobid: 12
    wildcards: param=shingles_10_20

Terminating processes on user request, this might take some time.
[Fri Dec  6 00:48:49 2019]
Error in rule cluster:
    jobid: 12
    output: test/shingles_10_20.result.cluster
    shell:
        ./accuracy_wrapper.sh test/shingles_10_20.params test/shingles_10_20.result.cluster
        (one of the commands exited with non-zero exit code; note that snakemake uses bash strict mode!)

Complete log: /users/zzjin/course_project/ComputationalGenomics/.snakemake/log/2019-12-06T004653.777713.snakemake.log
