Building DAG of jobs...
Using shell: /usr/local/bin/bash
Provided cores: 1 (use --cores to define parallelism)
Rules claiming more threads will be scaled down.
Job counts:
	count	jobs
	1	targets
	680	test
	681

[Tue Dec  3 15:56:08 2019]
rule test:
    input: test/kbanded_19_12.params
    output: test/kbanded_19_12.result
    jobid: 282
    wildcards: param=kbanded_19_12

[Tue Dec  3 15:56:23 2019]
Finished job 282.
1 of 681 steps (0.15%) done

[Tue Dec  3 15:56:23 2019]
rule test:
    input: test/shingles_12_17.params
    output: test/shingles_12_17.result
    jobid: 525
    wildcards: param=shingles_12_17

[Tue Dec  3 15:56:38 2019]
Finished job 525.
2 of 681 steps (0.29%) done

[Tue Dec  3 15:56:38 2019]
rule test:
    input: test/shingles_12_12.params
    output: test/shingles_12_12.result
    jobid: 520
    wildcards: param=shingles_12_12

Terminating processes on user request, this might take some time.
Cancelling snakemake on user request.
