Building DAG of jobs...
Using shell: /usr/local/bin/bash
Provided cores: 1 (use --cores to define parallelism)
Rules claiming more threads will be scaled down.
Job counts:
	count	jobs
	1	targets
	680	test
	681

[Tue Dec  3 15:57:57 2019]
rule test:
    input: test/shingles_15_12.params
    output: test/shingles_15_12.result
    jobid: 577
    wildcards: param=shingles_15_12

Terminating processes on user request, this might take some time.
[Tue Dec  3 16:04:25 2019]
Error in rule test:
Cancelling snakemake on user request.
    jobid: 577
    output: test/shingles_15_12.result
    shell:
        bash ./script.sh test/shingles_15_12.params test/shingles_15_12.result
        (one of the commands exited with non-zero exit code; note that snakemake uses bash strict mode!)

