Building DAG of jobs...
Using shell: /usr/local/bin/bash
Provided cores: 4
Rules claiming more threads will be scaled down.
Job counts:
	count	jobs
	12	cluster
	1	target
	13

[Fri Dec  6 01:15:12 2019]
rule cluster:
    input: test/shingles_10_14.params
    output: test/shingles_10_14.result.cluster
    jobid: 10
    wildcards: param=shingles_10_14


[Fri Dec  6 01:15:12 2019]
rule cluster:
    input: test/shingles_10_11.params
    output: test/shingles_10_11.result.cluster
    jobid: 9
    wildcards: param=shingles_10_11


[Fri Dec  6 01:15:12 2019]
rule cluster:
    input: test/shingles_10_17.params
    output: test/shingles_10_17.result.cluster
    jobid: 11
    wildcards: param=shingles_10_17


[Fri Dec  6 01:15:13 2019]
rule cluster:
    input: test/shingles_10_20.params
    output: test/shingles_10_20.result.cluster
    jobid: 12
    wildcards: param=shingles_10_20

[Fri Dec  6 01:16:54 2019]
Finished job 10.
1 of 13 steps (8%) done
[Fri Dec  6 01:16:54 2019]
Finished job 9.
2 of 13 steps (15%) done

[Fri Dec  6 01:16:54 2019]
rule cluster:
    input: test/shingles_10_8.params
    output: test/shingles_10_8.result.cluster
    jobid: 8
    wildcards: param=shingles_10_8


[Fri Dec  6 01:16:54 2019]
rule cluster:
    input: test/kbanded_10_7.params
    output: test/kbanded_10_7.result.cluster
    jobid: 4
    wildcards: param=kbanded_10_7

[Fri Dec  6 01:16:57 2019]
Finished job 12.
3 of 13 steps (23%) done

[Fri Dec  6 01:16:57 2019]
rule cluster:
    input: test/kbanded_10_3.params
    output: test/kbanded_10_3.result.cluster
    jobid: 2
    wildcards: param=kbanded_10_3

Terminating processes on user request, this might take some time.
[Fri Dec  6 01:17:03 2019]
Error in rule cluster:
    jobid: 2
    output: test/kbanded_10_3.result.cluster
    shell:
        ./script_cluster.sh test/kbanded_10_3.params test/kbanded_10_3.result.cluster
        (one of the commands exited with non-zero exit code; note that snakemake uses bash strict mode!)

[Fri Dec  6 01:17:03 2019]
Error in rule cluster:
    jobid: 8
    output: test/shingles_10_8.result.cluster
    shell:
        ./script_cluster.sh test/shingles_10_8.params test/shingles_10_8.result.cluster
        (one of the commands exited with non-zero exit code; note that snakemake uses bash strict mode!)

[Fri Dec  6 01:17:03 2019]
Error in rule cluster:
    jobid: 4
    output: test/kbanded_10_7.result.cluster
    shell:
        ./script_cluster.sh test/kbanded_10_7.params test/kbanded_10_7.result.cluster
        (one of the commands exited with non-zero exit code; note that snakemake uses bash strict mode!)

Cancelling snakemake on user request.
