Building DAG of jobs...
Using shell: /usr/local/bin/bash
Provided cores: 6
Rules claiming more threads will be scaled down.
Job counts:
	count	jobs
	12	cluster
	1	target
	13

[Fri Dec  6 01:24:40 2019]
rule cluster:
    input: test/shingles_10_2.params
    output: test/shingles_10_2.result.cluster
    jobid: 6
    wildcards: param=shingles_10_2


[Fri Dec  6 01:24:40 2019]
rule cluster:
    input: test/shingles_10_8.params
    output: test/shingles_10_8.result.cluster
    jobid: 8
    wildcards: param=shingles_10_8


[Fri Dec  6 01:24:40 2019]
rule cluster:
    input: test/shingles_10_20.params
    output: test/shingles_10_20.result.cluster
    jobid: 12
    wildcards: param=shingles_10_20


[Fri Dec  6 01:24:40 2019]
rule cluster:
    input: test/shingles_10_14.params
    output: test/shingles_10_14.result.cluster
    jobid: 10
    wildcards: param=shingles_10_14


[Fri Dec  6 01:24:40 2019]
rule cluster:
    input: test/shingles_10_17.params
    output: test/shingles_10_17.result.cluster
    jobid: 11
    wildcards: param=shingles_10_17


[Fri Dec  6 01:24:40 2019]
rule cluster:
    input: test/shingles_10_11.params
    output: test/shingles_10_11.result.cluster
    jobid: 9
    wildcards: param=shingles_10_11

[Fri Dec  6 01:26:39 2019]
Finished job 6.
1 of 13 steps (8%) done

[Fri Dec  6 01:26:39 2019]
rule cluster:
    input: test/kbanded_10_1.params
    output: test/kbanded_10_1.result.cluster
    jobid: 1
    wildcards: param=kbanded_10_1

[Fri Dec  6 01:26:39 2019]
Finished job 12.
2 of 13 steps (15%) done

[Fri Dec  6 01:26:39 2019]
rule cluster:
    input: test/shingles_10_5.params
    output: test/shingles_10_5.result.cluster
    jobid: 7
    wildcards: param=shingles_10_5

[Fri Dec  6 01:26:39 2019]
Finished job 8.
3 of 13 steps (23%) done

[Fri Dec  6 01:26:39 2019]
rule cluster:
    input: test/kbanded_10_9.params
    output: test/kbanded_10_9.result.cluster
    jobid: 5
    wildcards: param=kbanded_10_9

[Fri Dec  6 01:26:40 2019]
Finished job 9.
4 of 13 steps (31%) done

[Fri Dec  6 01:26:40 2019]
rule cluster:
    input: test/kbanded_10_5.params
    output: test/kbanded_10_5.result.cluster
    jobid: 3
    wildcards: param=kbanded_10_5

Terminating processes on user request, this might take some time.
Cancelling snakemake on user request.
[Fri Dec  6 01:27:59 2019]
Error in rule cluster:
    jobid: 5
    output: test/kbanded_10_9.result.cluster
    shell:
        ./script_cluster.sh test/kbanded_10_9.params test/kbanded_10_9.result.cluster
        (one of the commands exited with non-zero exit code; note that snakemake uses bash strict mode!)

[Fri Dec  6 01:27:59 2019]
[Fri Dec  6 01:27:59 2019]
Error in rule cluster:
    jobid: 1
    output: test/kbanded_10_1.result.cluster
    shell:
        ./script_cluster.sh test/kbanded_10_1.params test/kbanded_10_1.result.cluster
        (one of the commands exited with non-zero exit code; note that snakemake uses bash strict mode!)

Error in rule cluster:
    jobid: 3
    output: test/kbanded_10_5.result.cluster
    shell:
        ./script_cluster.sh test/kbanded_10_5.params test/kbanded_10_5.result.cluster
        (one of the commands exited with non-zero exit code; note that snakemake uses bash strict mode!)

