Building DAG of jobs...
Using shell: /usr/local/bin/bash
Provided cores: 1 (use --cores to define parallelism)
Rules claiming more threads will be scaled down.
Job counts:
	count	jobs
	12	accuracy
	1	target
	120	test
	133

[Wed Dec  4 17:06:53 2019]
rule test:
    input: test/shingles_10_14.params
    output: test/shingles_10_14.result
    jobid: 118
    wildcards: param=shingles_10_14

Terminating processes on user request, this might take some time.
[Wed Dec  4 17:07:00 2019]
Error in rule test:
    jobid: 118
    output: test/shingles_10_14.result
    shell:
        ./script.sh test/shingles_10_14.params test/shingles_10_14.result
        (one of the commands exited with non-zero exit code; note that snakemake uses bash strict mode!)

Complete log: /users/zzjin/course_project/ComputationalGenomics/.snakemake/log/2019-12-04T170652.832497.snakemake.log
