Building DAG of jobs...
Using shell: /usr/local/bin/bash
Provided cores: 20
Rules claiming more threads will be scaled down.
Job counts:
	count	jobs
	1	target
	120	test
	121

[Wed Dec  4 02:17:05 2019]
rule test:
    input: test/shingles_6_11.params
    output: test/shingles_6_11.result
    jobid: 89
    wildcards: param=shingles_6_11


[Wed Dec  4 02:17:05 2019]
rule test:
    input: test/kbanded_4_13.params
    output: test/kbanded_4_13.result
    jobid: 20
    wildcards: param=kbanded_4_13


[Wed Dec  4 02:17:05 2019]
rule test:
    input: test/kbanded_1_10.params
    output: test/kbanded_1_10.result
    jobid: 4
    wildcards: param=kbanded_1_10


[Wed Dec  4 02:17:05 2019]
rule test:
    input: test/shingles_5_14.params
    output: test/shingles_5_14.result
    jobid: 83
    wildcards: param=shingles_5_14


[Wed Dec  4 02:17:05 2019]
rule test:
    input: test/shingles_8_20.params
    output: test/shingles_8_20.result
    jobid: 106
    wildcards: param=shingles_8_20


[Wed Dec  4 02:17:05 2019]
rule test:
    input: test/shingles_9_17.params
    output: test/shingles_9_17.result
    jobid: 112
    wildcards: param=shingles_9_17


[Wed Dec  4 02:17:05 2019]
rule test:
    input: test/shingles_10_8.params
    output: test/shingles_10_8.result
    jobid: 116
    wildcards: param=shingles_10_8


[Wed Dec  4 02:17:05 2019]
rule test:
    input: test/kbanded_7_10.params
    output: test/kbanded_7_10.result
    jobid: 34
    wildcards: param=kbanded_7_10


[Wed Dec  4 02:17:05 2019]
rule test:
    input: test/kbanded_10_7.params
    output: test/kbanded_10_7.result
    jobid: 48
    wildcards: param=kbanded_10_7


[Wed Dec  4 02:17:06 2019]
rule test:
    input: test/kbanded_10_13.params
    output: test/kbanded_10_13.result
    jobid: 50
    wildcards: param=kbanded_10_13


[Wed Dec  4 02:17:06 2019]
rule test:
    input: test/shingles_7_14.params
    output: test/shingles_7_14.result
    jobid: 97
    wildcards: param=shingles_7_14


[Wed Dec  4 02:17:06 2019]
rule test:
    input: test/kbanded_9_13.params
    output: test/kbanded_9_13.result
    jobid: 45
    wildcards: param=kbanded_9_13


[Wed Dec  4 02:17:06 2019]
rule test:
    input: test/kbanded_3_13.params
    output: test/kbanded_3_13.result
    jobid: 15
    wildcards: param=kbanded_3_13


[Wed Dec  4 02:17:07 2019]
rule test:
    input: test/shingles_5_20.params
    output: test/shingles_5_20.result
    jobid: 85
    wildcards: param=shingles_5_20


[Wed Dec  4 02:17:07 2019]
rule test:
    input: test/shingles_4_11.params
    output: test/shingles_4_11.result
    jobid: 75
    wildcards: param=shingles_4_11


[Wed Dec  4 02:17:07 2019]
rule test:
    input: test/kbanded_10_10.params
    output: test/kbanded_10_10.result
    jobid: 49
    wildcards: param=kbanded_10_10


[Wed Dec  4 02:17:07 2019]
rule test:
    input: test/shingles_10_11.params
    output: test/shingles_10_11.result
    jobid: 117
    wildcards: param=shingles_10_11


[Wed Dec  4 02:17:08 2019]
rule test:
    input: test/shingles_10_20.params
    output: test/shingles_10_20.result
    jobid: 120
    wildcards: param=shingles_10_20


[Wed Dec  4 02:17:08 2019]
rule test:
    input: test/shingles_10_17.params
    output: test/shingles_10_17.result
    jobid: 119
    wildcards: param=shingles_10_17


[Wed Dec  4 02:17:08 2019]
rule test:
    input: test/shingles_10_14.params
    output: test/shingles_10_14.result
    jobid: 118
    wildcards: param=shingles_10_14

[Wed Dec  4 02:22:11 2019]
Finished job 116.
1 of 121 steps (0.83%) done

[Wed Dec  4 02:22:11 2019]
rule test:
    input: test/shingles_9_14.params
    output: test/shingles_9_14.result
    jobid: 111
    wildcards: param=shingles_9_14

[Wed Dec  4 02:27:23 2019]
Error in rule test:
    jobid: 45
    output: test/kbanded_9_13.result
    shell:
        bash ./script.sh test/kbanded_9_13.params test/kbanded_9_13.result
        (one of the commands exited with non-zero exit code; note that snakemake uses bash strict mode!)

[Wed Dec  4 02:27:32 2019]
Finished job 117.
2 of 121 steps (2%) done
[Wed Dec  4 02:27:35 2019]
Finished job 118.
3 of 121 steps (2%) done
[Wed Dec  4 02:27:37 2019]
Finished job 97.
4 of 121 steps (3%) done
Removing output files of failed job test since they might be corrupted:
test/kbanded_9_13.result
[Wed Dec  4 02:30:37 2019]
Finished job 111.
5 of 121 steps (4%) done
[Wed Dec  4 02:46:18 2019]
Finished job 48.
6 of 121 steps (5%) done
[Wed Dec  4 02:53:05 2019]
Error in rule test:
    jobid: 50
    output: test/kbanded_10_13.result
    shell:
        bash ./script.sh test/kbanded_10_13.params test/kbanded_10_13.result
        (one of the commands exited with non-zero exit code; note that snakemake uses bash strict mode!)

Removing output files of failed job test since they might be corrupted:
test/kbanded_10_13.result
[Wed Dec  4 02:58:54 2019]
Finished job 4.
7 of 121 steps (6%) done
[Wed Dec  4 03:00:32 2019]
Error in rule test:
    jobid: 49
    output: test/kbanded_10_10.result
    shell:
        bash ./script.sh test/kbanded_10_10.params test/kbanded_10_10.result
        (one of the commands exited with non-zero exit code; note that snakemake uses bash strict mode!)

Removing output files of failed job test since they might be corrupted:
test/kbanded_10_10.result
[Wed Dec  4 03:15:19 2019]
Finished job 20.
8 of 121 steps (7%) done
[Wed Dec  4 03:16:41 2019]
Finished job 34.
9 of 121 steps (7%) done
[Wed Dec  4 03:20:59 2019]
Finished job 15.
10 of 121 steps (8%) done
[Wed Dec  4 09:48:10 2019]
Error in rule test:
    jobid: 89
    output: test/shingles_6_11.result
    shell:
        bash ./script.sh test/shingles_6_11.params test/shingles_6_11.result
        (one of the commands exited with non-zero exit code; note that snakemake uses bash strict mode!)

[Wed Dec  4 09:50:12 2019]
Error in rule test:
[Wed Dec  4 09:50:12 2019]
    jobid: 106
Error in rule test:
    output: test/shingles_8_20.result
    jobid: 83
    shell:
        bash ./script.sh test/shingles_8_20.params test/shingles_8_20.result
        (one of the commands exited with non-zero exit code; note that snakemake uses bash strict mode!)
    output: test/shingles_5_14.result

    shell:
        bash ./script.sh test/shingles_5_14.params test/shingles_5_14.result
        (one of the commands exited with non-zero exit code; note that snakemake uses bash strict mode!)

[Wed Dec  4 09:50:37 2019]
Error in rule test:
    jobid: 85
    output: test/shingles_5_20.result
    shell:
        bash ./script.sh test/shingles_5_20.params test/shingles_5_20.result
        (one of the commands exited with non-zero exit code; note that snakemake uses bash strict mode!)

[Wed Dec  4 09:50:37 2019]
Error in rule test:
    jobid: 112
    output: test/shingles_9_17.result
    shell:
        bash ./script.sh test/shingles_9_17.params test/shingles_9_17.result
        (one of the commands exited with non-zero exit code; note that snakemake uses bash strict mode!)

[Wed Dec  4 09:50:58 2019]
Error in rule test:
    jobid: 75
    output: test/shingles_4_11.result
    shell:
        bash ./script.sh test/shingles_4_11.params test/shingles_4_11.result
        (one of the commands exited with non-zero exit code; note that snakemake uses bash strict mode!)

[Wed Dec  4 09:51:32 2019]
Error in rule test:
    jobid: 120
    output: test/shingles_10_20.result
    shell:
        bash ./script.sh test/shingles_10_20.params test/shingles_10_20.result
        (one of the commands exited with non-zero exit code; note that snakemake uses bash strict mode!)

[Wed Dec  4 09:51:32 2019]
Error in rule test:
    jobid: 119
    output: test/shingles_10_17.result
    shell:
        bash ./script.sh test/shingles_10_17.params test/shingles_10_17.result
        (one of the commands exited with non-zero exit code; note that snakemake uses bash strict mode!)

Shutting down, this might take some time.
Exiting because a job execution failed. Look above for error message
Complete log: /users/zzjin/course_project/ComputationalGenomics/.snakemake/log/2019-12-04T021705.215133.snakemake.log
