Building DAG of jobs...
Using shell: /usr/local/bin/bash
Provided cores: 4
Rules claiming more threads will be scaled down.
Job counts:
	count	jobs
	12	cluster
	1	target
	13

[Fri Dec  6 01:29:56 2019]
rule cluster:
    input: test/shingles_10_17.params
    output: test/shingles_10_17.result.cluster
    jobid: 11
    wildcards: param=shingles_10_17


[Fri Dec  6 01:29:56 2019]
rule cluster:
    input: test/shingles_10_14.params
    output: test/shingles_10_14.result.cluster
    jobid: 10
    wildcards: param=shingles_10_14


[Fri Dec  6 01:29:56 2019]
rule cluster:
    input: test/shingles_10_20.params
    output: test/shingles_10_20.result.cluster
    jobid: 12
    wildcards: param=shingles_10_20


[Fri Dec  6 01:29:56 2019]
rule cluster:
    input: test/shingles_10_11.params
    output: test/shingles_10_11.result.cluster
    jobid: 9
    wildcards: param=shingles_10_11

[Fri Dec  6 01:31:35 2019]
Finished job 10.
1 of 13 steps (8%) done

[Fri Dec  6 01:31:35 2019]
rule cluster:
    input: test/kbanded_10_1.params
    output: test/kbanded_10_1.result.cluster
    jobid: 1
    wildcards: param=kbanded_10_1

Terminating processes on user request, this might take some time.
[Fri Dec  6 01:34:15 2019]
[Fri Dec  6 01:34:15 2019]
[Fri Dec  6 01:34:15 2019]
Error in rule cluster:
Error in rule cluster:
Error in rule cluster:
[Fri Dec  6 01:34:15 2019]
    jobid: 12
Cancelling snakemake on user request.
    jobid: 1
    jobid: 11
Error in rule cluster:
    output: test/shingles_10_20.result.cluster
    output: test/kbanded_10_1.result.cluster
    output: test/shingles_10_17.result.cluster
    jobid: 9
    shell:
        ./script_cluster.sh test/shingles_10_20.params test/shingles_10_20.result.cluster
        (one of the commands exited with non-zero exit code; note that snakemake uses bash strict mode!)
    shell:
        ./script_cluster.sh test/kbanded_10_1.params test/kbanded_10_1.result.cluster
        (one of the commands exited with non-zero exit code; note that snakemake uses bash strict mode!)
    shell:
        ./script_cluster.sh test/shingles_10_17.params test/shingles_10_17.result.cluster
        (one of the commands exited with non-zero exit code; note that snakemake uses bash strict mode!)
    output: test/shingles_10_11.result.cluster



    shell:
        ./script_cluster.sh test/shingles_10_11.params test/shingles_10_11.result.cluster
        (one of the commands exited with non-zero exit code; note that snakemake uses bash strict mode!)
Removing output files of failed job cluster since they might be corrupted:
test/shingles_10_20.result.cluster

